Array
(
    [code] => 200
    [message] => Success
    [data] => Array
        (
            [total] => 44000
            [service_fee] => 44000
            [insurance_fee] => 0
            [pick_station_fee] => 0
            [coupon_value] => 0
            [r2s_fee] => 0
            [return_again] => 0
            [document_return] => 0
            [double_check] => 0
            [cod_fee] => 0
            [pick_remote_areas_fee] => 0
            [deliver_remote_areas_fee] => 0
            [cod_failed_fee] => 0
        )

)
Array
(
    [code] => 200
    [message] => Success
    [data] => Array
        (
            [total] => 44000
            [service_fee] => 44000
            [insurance_fee] => 0
            [pick_station_fee] => 0
            [coupon_value] => 0
            [r2s_fee] => 0
            [return_again] => 0
            [document_return] => 0
            [double_check] => 0
            [cod_fee] => 0
            [pick_remote_areas_fee] => 0
            [deliver_remote_areas_fee] => 0
            [cod_failed_fee] => 0
        )

)
Array
(
    [code] => 200
    [message] => Success
    [data] => Array
        (
            [total] => 44000
            [service_fee] => 44000
            [insurance_fee] => 0
            [pick_station_fee] => 0
            [coupon_value] => 0
            [r2s_fee] => 0
            [return_again] => 0
            [document_return] => 0
            [double_check] => 0
            [cod_fee] => 0
            [pick_remote_areas_fee] => 0
            [deliver_remote_areas_fee] => 0
            [cod_failed_fee] => 0
        )

)
Array
(
    [code] => 200
    [message] => Success
    [data] => Array
        (
            [total] => 44000
            [service_fee] => 44000
            [insurance_fee] => 0
            [pick_station_fee] => 0
            [coupon_value] => 0
            [r2s_fee] => 0
            [return_again] => 0
            [document_return] => 0
            [double_check] => 0
            [cod_fee] => 0
            [pick_remote_areas_fee] => 0
            [deliver_remote_areas_fee] => 0
            [cod_failed_fee] => 0
        )

)
Array
(
    [code] => 200
    [message] => Success
    [data] => Array
        (
            [total] => 44000
            [service_fee] => 44000
            [insurance_fee] => 0
            [pick_station_fee] => 0
            [coupon_value] => 0
            [r2s_fee] => 0
            [return_again] => 0
            [document_return] => 0
            [double_check] => 0
            [cod_fee] => 0
            [pick_remote_areas_fee] => 0
            [deliver_remote_areas_fee] => 0
            [cod_failed_fee] => 0
        )

)
Array
(
    [code] => 200
    [message] => Success
    [data] => Array
        (
            [total] => 44000
            [service_fee] => 44000
            [insurance_fee] => 0
            [pick_station_fee] => 0
            [coupon_value] => 0
            [r2s_fee] => 0
            [return_again] => 0
            [document_return] => 0
            [double_check] => 0
            [cod_fee] => 0
            [pick_remote_areas_fee] => 0
            [deliver_remote_areas_fee] => 0
            [cod_failed_fee] => 0
        )

)
Array
(
    [code] => 200
    [message] => Success
    [data] => Array
        (
            [total] => 44000
            [service_fee] => 44000
            [insurance_fee] => 0
            [pick_station_fee] => 0
            [coupon_value] => 0
            [r2s_fee] => 0
            [return_again] => 0
            [document_return] => 0
            [double_check] => 0
            [cod_fee] => 0
            [pick_remote_areas_fee] => 0
            [deliver_remote_areas_fee] => 0
            [cod_failed_fee] => 0
        )

)
Array
(
    [code] => 200
    [message] => Success
    [data] => Array
        (
            [total] => 44000
            [service_fee] => 44000
            [insurance_fee] => 0
            [pick_station_fee] => 0
            [coupon_value] => 0
            [r2s_fee] => 0
            [return_again] => 0
            [document_return] => 0
            [double_check] => 0
            [cod_fee] => 0
            [pick_remote_areas_fee] => 0
            [deliver_remote_areas_fee] => 0
            [cod_failed_fee] => 0
        )

)
Array
(
    [code] => 200
    [message] => Success
    [data] => Array
        (
            [total] => 44000
            [service_fee] => 44000
            [insurance_fee] => 0
            [pick_station_fee] => 0
            [coupon_value] => 0
            [r2s_fee] => 0
            [return_again] => 0
            [document_return] => 0
            [double_check] => 0
            [cod_fee] => 0
            [pick_remote_areas_fee] => 0
            [deliver_remote_areas_fee] => 0
            [cod_failed_fee] => 0
        )

)
Array
(
    [code] => 200
    [message] => Success
    [data] => Array
        (
            [total] => 44000
            [service_fee] => 44000
            [insurance_fee] => 0
            [pick_station_fee] => 0
            [coupon_value] => 0
            [r2s_fee] => 0
            [return_again] => 0
            [document_return] => 0
            [double_check] => 0
            [cod_fee] => 0
            [pick_remote_areas_fee] => 0
            [deliver_remote_areas_fee] => 0
            [cod_failed_fee] => 0
        )

)
Array
(
    [code] => 200
    [message] => Success
    [data] => Array
        (
            [total] => 44000
            [service_fee] => 44000
            [insurance_fee] => 0
            [pick_station_fee] => 0
            [coupon_value] => 0
            [r2s_fee] => 0
            [return_again] => 0
            [document_return] => 0
            [double_check] => 0
            [cod_fee] => 0
            [pick_remote_areas_fee] => 0
            [deliver_remote_areas_fee] => 0
            [cod_failed_fee] => 0
        )

)
Array
(
    [code] => 200
    [message] => Success
    [data] => Array
        (
            [total] => 44000
            [service_fee] => 44000
            [insurance_fee] => 0
            [pick_station_fee] => 0
            [coupon_value] => 0
            [r2s_fee] => 0
            [return_again] => 0
            [document_return] => 0
            [double_check] => 0
            [cod_fee] => 0
            [pick_remote_areas_fee] => 0
            [deliver_remote_areas_fee] => 0
            [cod_failed_fee] => 0
        )

)
Array
(
    [code] => 200
    [message] => Success
    [data] => Array
        (
            [total] => 44000
            [service_fee] => 44000
            [insurance_fee] => 0
            [pick_station_fee] => 0
            [coupon_value] => 0
            [r2s_fee] => 0
            [return_again] => 0
            [document_return] => 0
            [double_check] => 0
            [cod_fee] => 0
            [pick_remote_areas_fee] => 0
            [deliver_remote_areas_fee] => 0
            [cod_failed_fee] => 0
        )

)
Array
(
    [code] => 200
    [message] => Success
    [data] => Array
        (
            [total] => 44000
            [service_fee] => 44000
            [insurance_fee] => 0
            [pick_station_fee] => 0
            [coupon_value] => 0
            [r2s_fee] => 0
            [return_again] => 0
            [document_return] => 0
            [double_check] => 0
            [cod_fee] => 0
            [pick_remote_areas_fee] => 0
            [deliver_remote_areas_fee] => 0
            [cod_failed_fee] => 0
        )

)
Array
(
    [code] => 200
    [message] => Success
    [data] => Array
        (
            [total] => 44000
            [service_fee] => 44000
            [insurance_fee] => 0
            [pick_station_fee] => 0
            [coupon_value] => 0
            [r2s_fee] => 0
            [return_again] => 0
            [document_return] => 0
            [double_check] => 0
            [cod_fee] => 0
            [pick_remote_areas_fee] => 0
            [deliver_remote_areas_fee] => 0
            [cod_failed_fee] => 0
        )

)
Array
(
    [code] => 200
    [message] => Success
    [data] => Array
        (
            [total] => 44000
            [service_fee] => 44000
            [insurance_fee] => 0
            [pick_station_fee] => 0
            [coupon_value] => 0
            [r2s_fee] => 0
            [return_again] => 0
            [document_return] => 0
            [double_check] => 0
            [cod_fee] => 0
            [pick_remote_areas_fee] => 0
            [deliver_remote_areas_fee] => 0
            [cod_failed_fee] => 0
        )

)
Array
(
    [code] => 200
    [message] => Success
    [data] => Array
        (
            [total] => 44000
            [service_fee] => 44000
            [insurance_fee] => 0
            [pick_station_fee] => 0
            [coupon_value] => 0
            [r2s_fee] => 0
            [return_again] => 0
            [document_return] => 0
            [double_check] => 0
            [cod_fee] => 0
            [pick_remote_areas_fee] => 0
            [deliver_remote_areas_fee] => 0
            [cod_failed_fee] => 0
        )

)
Array
(
    [code] => 200
    [message] => Success
    [data] => Array
        (
            [total] => 44000
            [service_fee] => 44000
            [insurance_fee] => 0
            [pick_station_fee] => 0
            [coupon_value] => 0
            [r2s_fee] => 0
            [return_again] => 0
            [document_return] => 0
            [double_check] => 0
            [cod_fee] => 0
            [pick_remote_areas_fee] => 0
            [deliver_remote_areas_fee] => 0
            [cod_failed_fee] => 0
        )

)
Array
(
    [code] => 200
    [message] => Success
    [data] => Array
        (
            [total] => 44000
            [service_fee] => 44000
            [insurance_fee] => 0
            [pick_station_fee] => 0
            [coupon_value] => 0
            [r2s_fee] => 0
            [return_again] => 0
            [document_return] => 0
            [double_check] => 0
            [cod_fee] => 0
            [pick_remote_areas_fee] => 0
            [deliver_remote_areas_fee] => 0
            [cod_failed_fee] => 0
        )

)
Array
(
    [code] => 200
    [message] => Success
    [data] => Array
        (
            [total] => 44000
            [service_fee] => 44000
            [insurance_fee] => 0
            [pick_station_fee] => 0
            [coupon_value] => 0
            [r2s_fee] => 0
            [return_again] => 0
            [document_return] => 0
            [double_check] => 0
            [cod_fee] => 0
            [pick_remote_areas_fee] => 0
            [deliver_remote_areas_fee] => 0
            [cod_failed_fee] => 0
        )

)
Array
(
    [code] => 200
    [message] => Success
    [data] => Array
        (
            [total] => 44000
            [service_fee] => 44000
            [insurance_fee] => 0
            [pick_station_fee] => 0
            [coupon_value] => 0
            [r2s_fee] => 0
            [return_again] => 0
            [document_return] => 0
            [double_check] => 0
            [cod_fee] => 0
            [pick_remote_areas_fee] => 0
            [deliver_remote_areas_fee] => 0
            [cod_failed_fee] => 0
        )

)
Array
(
    [code] => 200
    [message] => Success
    [data] => Array
        (
            [total] => 44000
            [service_fee] => 44000
            [insurance_fee] => 0
            [pick_station_fee] => 0
            [coupon_value] => 0
            [r2s_fee] => 0
            [return_again] => 0
            [document_return] => 0
            [double_check] => 0
            [cod_fee] => 0
            [pick_remote_areas_fee] => 0
            [deliver_remote_areas_fee] => 0
            [cod_failed_fee] => 0
        )

)
Array
(
    [code] => 200
    [message] => Success
    [data] => Array
        (
            [total] => 44000
            [service_fee] => 44000
            [insurance_fee] => 0
            [pick_station_fee] => 0
            [coupon_value] => 0
            [r2s_fee] => 0
            [return_again] => 0
            [document_return] => 0
            [double_check] => 0
            [cod_fee] => 0
            [pick_remote_areas_fee] => 0
            [deliver_remote_areas_fee] => 0
            [cod_failed_fee] => 0
        )

)
Array
(
    [code] => 200
    [message] => Success
    [data] => Array
        (
            [total] => 44000
            [service_fee] => 44000
            [insurance_fee] => 0
            [pick_station_fee] => 0
            [coupon_value] => 0
            [r2s_fee] => 0
            [return_again] => 0
            [document_return] => 0
            [double_check] => 0
            [cod_fee] => 0
            [pick_remote_areas_fee] => 0
            [deliver_remote_areas_fee] => 0
            [cod_failed_fee] => 0
        )

)
Array
(
    [code] => 200
    [message] => Success
    [data] => Array
        (
            [total] => 44000
            [service_fee] => 44000
            [insurance_fee] => 0
            [pick_station_fee] => 0
            [coupon_value] => 0
            [r2s_fee] => 0
            [return_again] => 0
            [document_return] => 0
            [double_check] => 0
            [cod_fee] => 0
            [pick_remote_areas_fee] => 0
            [deliver_remote_areas_fee] => 0
            [cod_failed_fee] => 0
        )

)
Array
(
    [code] => 200
    [message] => Success
    [data] => Array
        (
            [total] => 44000
            [service_fee] => 44000
            [insurance_fee] => 0
            [pick_station_fee] => 0
            [coupon_value] => 0
            [r2s_fee] => 0
            [return_again] => 0
            [document_return] => 0
            [double_check] => 0
            [cod_fee] => 0
            [pick_remote_areas_fee] => 0
            [deliver_remote_areas_fee] => 0
            [cod_failed_fee] => 0
        )

)
Array
(
    [code] => 200
    [message] => Success
    [data] => Array
        (
            [total] => 44000
            [service_fee] => 44000
            [insurance_fee] => 0
            [pick_station_fee] => 0
            [coupon_value] => 0
            [r2s_fee] => 0
            [return_again] => 0
            [document_return] => 0
            [double_check] => 0
            [cod_fee] => 0
            [pick_remote_areas_fee] => 0
            [deliver_remote_areas_fee] => 0
            [cod_failed_fee] => 0
        )

)
Array
(
    [code] => 200
    [message] => Success
    [data] => Array
        (
            [total] => 44000
            [service_fee] => 44000
            [insurance_fee] => 0
            [pick_station_fee] => 0
            [coupon_value] => 0
            [r2s_fee] => 0
            [return_again] => 0
            [document_return] => 0
            [double_check] => 0
            [cod_fee] => 0
            [pick_remote_areas_fee] => 0
            [deliver_remote_areas_fee] => 0
            [cod_failed_fee] => 0
        )

)
Array
(
    [code] => 200
    [message] => Success
    [data] => Array
        (
            [total] => 44000
            [service_fee] => 44000
            [insurance_fee] => 0
            [pick_station_fee] => 0
            [coupon_value] => 0
            [r2s_fee] => 0
            [return_again] => 0
            [document_return] => 0
            [double_check] => 0
            [cod_fee] => 0
            [pick_remote_areas_fee] => 0
            [deliver_remote_areas_fee] => 0
            [cod_failed_fee] => 0
        )

)
Array
(
    [code] => 200
    [message] => Success
    [data] => Array
        (
            [total] => 44000
            [service_fee] => 44000
            [insurance_fee] => 0
            [pick_station_fee] => 0
            [coupon_value] => 0
            [r2s_fee] => 0
            [return_again] => 0
            [document_return] => 0
            [double_check] => 0
            [cod_fee] => 0
            [pick_remote_areas_fee] => 0
            [deliver_remote_areas_fee] => 0
            [cod_failed_fee] => 0
        )

)
